Arguments: 
  /home/linzo/.nvm/versions/node/v15.11.0/bin/node /usr/share/yarn/bin/yarn.js init

PATH: 
  /opt/node/bin:/home/linzo/.nvm/versions/node/v15.11.0/bin:/usr/local/sbin:/usr/local/bin:/usr/sbin:/usr/bin:/sbin:/bin:/usr/games:/usr/local/games:/snap/bin:/home/linzo/Downloads/flutter/bin:/home/linzo/Android/Sdk/emulator:/home/linzo/Android/Sdk/tools:/home/linzo/Android/Sdk/tools/bin:/home/linzo/Android/Sdk/platform-tools:/home/linzo/.config/nvim//pack/bundle/start/fzf/bin

Yarn version: 
  1.21.1

Node version: 
  15.11.0

Platform: 
  linux x64

Trace: 
  Error: canceled
      at Interface.<anonymous> (/usr/share/yarn/lib/cli.js:136925:13)
      at Interface.emit (node:events:378:20)
      at Interface._ttyWrite (node:readline:973:16)
      at ReadStream.onkeypress (node:readline:259:10)
      at ReadStream.emit (node:events:378:20)
      at emitKeys (node:internal/readline/utils:358:14)
      at emitKeys.next (<anonymous>)
      at ReadStream.onData (node:readline:1242:36)
      at ReadStream.emit (node:events:378:20)
      at addChunk (node:internal/streams/readable:313:12)

npm manifest: 
  No manifest

yarn manifest: 
  No manifest

Lockfile: 
  No lockfile
